[2025-10-30 19:11:55,258] INFO: 🌸 KOTOHA ENGINE — Market Enricher 起動
[2025-10-30 19:11:55,259] INFO: 📄 入力: query_batches_merged_20251030_190610.jsonl
[2025-10-30 19:13:07,740] INFO: 📦 ワイヤレス充電器 Apple Watch 充電器  AirPods充電器  AppleWatch/Airpods ２in1 持ち運び ワイヤレス急速 高速充電 アップルウォッチ AirPods 2/AirPods 3/Air PodsPro Type-C ケーブル不要 置くだけ充電 Qi対応 Wireless 送料無料: 72355語収集 (17610種類)
[2025-10-30 19:14:17,098] INFO: 📦 iPhone13プロ ケース シリコン かわいい スマホカバー スタンド グリップ iPhone13 耐衝撃 シリコン 携帯カバーiPhone オレンジ ピンク ミント ネイビー こども アイホン13プロ ポッキリ 買い回り 買い周り セール マラソン 送料無料 ポイント消化: 52127語収集 (12396種類)
[2025-10-30 19:15:25,399] INFO: 📦 iphone13プロマックス ブルーライトカット スマホフィルム ガラスフィルム iPhone 画面 保護フィルム 12プロマックス 画面シート アイフォーン 保護シート 携帯シール ポッキリ 買い回り 買い周り セール マラソン 送料無料 ポイント消化: 46516語収集 (12147種類)
[2025-10-30 19:16:33,983] INFO: 📦 【満足度98％!!】iphone ガラスフィルム 指紋つかない 画面保護フィルム iphone17フィルム さらさら アンチグレア 保護シート iphoneフィルム 指紋防止 さらさらタッチ ゲームにも最適 全機種対応 iPhone16 15 13 12 11 保護ガラス アイフォン: 44279語収集 (5321種類)
[2025-10-30 19:17:42,361] INFO: 📦 【楽天1位獲得】ワイヤレスイヤホンアクセサリー イヤーカフ チェーン ストラップ AirPods 落下防止 紛失防止 ワイヤレスイヤホン用 アクセサリー 落ちない なくさない タッセル ポッキリ 買い周り 買い回り セール マラソン ポイント消化: 50795語収集 (9857種類)
[2025-10-30 19:18:50,837] INFO: 📦 アップルウォッチバンド メンズ ステンレス ビジネス 高級感 Applewatch 1 2 3 4 5 6 SE SE2 Ultra1 Ultra2 ベルト 長さ調節 ドライバー付き スチール 38mm 40mm 42mm 44mm スペア 交換 送料無料: 41504語収集 (11305種類)
[2025-10-30 19:19:59,893] INFO: 📦 アップルウォッチバンド シリコン apple watchベルト ラバーバンド おしゃれ アップルウォッチ スポーツバンド人気 スリム くすみ ベージュ ピンク ブルー ホワイト 送料無料: 43546語収集 (5772種類)
[2025-10-30 19:21:08,994] INFO: 📦 MacBook Pro ケース 15インチ A1707 A1990 ハードケース Pro15インチ おしゃれ MacBookカバー Pro13 ハードカバー スタンド付き M1 M2 A2686 A1706 A1708 A1989 A2159 A2289 A2251 A2338 A1707 A1990 マックブックプロ エア: 46550語収集 (6956種類)
[2025-10-30 19:22:18,655] INFO: 📦 AirPods3 シリコンケース AirPodsPro2 ケース シリコン 収納ケース付き 6点セット エアーポッズプロ 落下防止 装着充電 第3世代 第2世代 エアーポッズプロ かわいい シンプル 保護 擦り傷防止 Apple 黒 白 青 送料無料: 50295語収集 (6397種類)
[2025-10-30 19:23:27,311] INFO: 📦 【最強硬度9H】switch保護フィルム ガラス switch 画面保護シート switchliteフィルム スイッチ ブルーライト 任天堂 有機el 保護フィルム lite ガラスシート switch画面保護フィルム ポッキリ 買い周り 買い回り セール マラソン: 44674語収集 (5818種類)
[2025-10-30 19:24:36,434] INFO: 📦 【今だけフィルムプレゼント】12promaxケース クリア アイホン12プロマックスカバー 透明　アイホーン12プロマックスケース 耐衝撃 携帯カバーiPhone12 グリーン 透明 スマホカバーiPhone12: 44006語収集 (5065種類)
[2025-10-30 19:25:45,536] INFO: 📦 iPad ケース 360回転 air第5世代ケース ipad pro11 ipadair ipad第5世代カバー Air4ケース ipad第4世代カバー Air4 プロ11 ipadair5ケース ペンシル収納 回転 くすみ 軽量 スタンド ipadair11カバー m2 pro11: 56388語収集 (13021種類)
[2025-10-30 19:26:54,423] INFO: 📦 【楽天2位】フィットネス水着 セパレート水着 レディース フィットネス 水着 ジム セパレーツ 大きいサイズ 水着 上下 セット シンプル 吸汗 速乾 かわいい きれい 30代 40代 S M L 黒 海外 オトナ ビキニ フードなし 送料無料: 49954語収集 (11741種類)
[2025-10-30 19:28:03,144] INFO: 📦 フィットネス水着 セパレート水着 レディース フィットネス 水着 ジム 大きいサイズ 水着 上下 セット シンプル 吸汗 速乾 かわいい きれい 30代 40代 S M L 白 海外 オトナ ビキニ フードなし 送料無料: 42077語収集 (4117種類)
[2025-10-30 19:29:11,836] INFO: 📦 【楽天1位獲得】水着 160 女の子 ラッシュガード キッズ 長袖 小学生 上下 ジュニア水着 パット セット水着 男の子 ラッシュガードキッズ 120 130 140 150 兄弟 子ども 幼稚園 ジュニア ガールズ 水着キッズ 子供水着 上下３点セット: 50805語収集 (9628種類)
[2025-10-30 19:30:20,708] INFO: 📦 【楽天1位獲得】【体温も測れる】ハンド ソープディスペンサー 壁掛け オートソープディスペンサー 自動 泡石鹸  タッチレス ジェル石鹸 浮かせる 大容量 430ml 自動検温 キッチン ソープディスペンサー 自動 泡 壁掛け 充電 非接触 Type-C: 51415語収集 (9673種類)
[2025-10-30 19:31:29,592] INFO: 📦 犬 餌入れ おしゃれ 折りたたみフードボール 犬 ペット フードボウル おしゃれ ネコ フードボール 持ち運び 餌入れ 水入れ 皿 お皿 ウォーターボール 散歩 旅行 トラベル かわいい 折り畳み ポッキリ 買い周り 買い回り セール マラソン ポイント消化: 46036語収集 (8111種類)
[2025-10-30 19:32:38,589] INFO: 📦 iPhone13プロ ケース シリコン かわいい スマホカバー スタンド グリップ iPhone13 耐衝撃 シリコン 携帯カバーiPhone オレンジ ピンク ミント ネイビー こども アイホン13プロ ポッキリ 買い回り 買い周り セール マラソン 送料無料 ポイント消化: 44382語収集 (7177種類)
[2025-10-30 19:33:47,300] INFO: 📦 iPhone14プラスケース アルミバンパー 両面保護 全面フルカバー iphone14全面保護ケース 両面ガラス 14Plus iphone14プロ 耐衝撃 両面強化ガラス マグネット 携帯カバー ポッキリ 買い回り 買い周り セール マラソン 送料無料 ポイント消化: 39698語収集 (3499種類)
[2025-10-30 19:34:56,026] INFO: 📦 【P5倍】【1位獲得】【さらさら 反射防止】iPad フィルム 指紋 つかない ipadmini7 ガラスフィルム ipad11世代 アンチグレア ipad10世代 保護シート さらさら ミニ7 pro11 指紋防止 画面シート 9 8 7 ミニ6 保護フィルム 液晶保護 ゲーム用 ツムツム: 47548語収集 (6814種類)
[2025-10-30 19:36:05,804] INFO: 📦 iPad ケース 360回転 air第5世代ケース ipad pro11 ipadair ipad第5世代カバー Air4ケース ipad第4世代カバー Air4 プロ11 ipadair5ケース ペンシル収納 回転 くすみ 軽量 スタンド ipadair11カバー m2 pro11: 43985語収集 (6466種類)
[2025-10-30 19:37:15,236] INFO: 📦 キッズドレス 110 ピンク 110 イエロー 結婚式 子供 ドレス ピアノ発表会 子どもドレス 5才女の子 黄色 ワンピース フォーマル ドレス１１０ 3才 4才 5才 スパンコール 七五三 110cm: 56114語収集 (8571種類)
[2025-10-30 19:38:24,627] INFO: 📦 アップルウォッチ フィルム 保護 ガラス40mm AppleWatch 41mm アップルウォッチフィルムガラス 保護シール 日本製ガラスSE 液晶保護フィルム 保護フィルム アップルウォッチフィルム41 AppleWatch ポッキリ 買い周り 買い回り セール マラソン ポイント消化: 45291語収集 (4743種類)
[2025-10-30 19:39:34,051] INFO: 📦 【1本でiPhone2台同時】3in1充電ケーブル 急速 充電ケーブル USBケーブル 三又 スマホ充電ケーブル 急速 1.2m タイプC Android用充電ケーブル iPhone充電ケーブル 3本同時充電 携帯コード iphone17 16 15 充電コード 3A Type-C シルバー: 55406語収集 (15271種類)
[2025-10-30 19:40:43,575] INFO: 📦 MacBook 画面フィルム 16インチ m4 ｍacBookPro 液晶保護シート 14インチ マックブックプロ保護フィルム ブルーライトカット アンチグレア 紫外線カット マックブック画面シート m3 m2 m1 2024 送料無料: 43188語収集 (4938種類)
[2025-10-30 19:41:53,274] INFO: 📦 扇風機 小型 かわいい 子ども 首掛け扇風機 腰掛け扇風機 羽なし 扇風機 首かけ 首かけ扇風機 ミニファン 携帯扇風機 卓上 カメラ型 usb 充電式 3段階風力調節 静音 軽量 おしゃれ 携帯 コンパクト 涼しい アウトドア 白 ピンク グリーン あす楽: 59015語収集 (8951種類)
[2025-10-30 19:43:03,436] INFO: 📦 ガジェットポーチ 防水 トラベルポーチ 収納バッグ 収納ケース マルチポーチ ゲーム カメラポーチ 軽量 ケーブル 小物入れ 旅行 化粧ポーチ デジタル小物 おしゃれ 送料無料 あす楽: 50423語収集 (8128種類)
[2025-10-30 19:44:13,194] INFO: 📦 二つ折り財布 コンパクト財布 財布 ミニ 薄型 コンパクトウォレット スキミング防止 メンズ スリム財布 カード入れ シンプル おしゃれ プレゼント マネークリップ クレジットカードケース 二つ折り ギフト 免許証入れ 財布ミニ: 50207語収集 (8359種類)
[2025-10-30 19:45:22,959] INFO: 📦 MacBook Pro ケース 15インチ A1707 A1990 ハードケース Pro15インチ おしゃれ MacBookカバー Pro13 ハードカバー スタンド付き M1 M2 A2686 A1706 A1708 A1989 A2159 A2289 A2251 A2338 A1707 A1990 マックブックプロ エア: 48006語収集 (6957種類)
[2025-10-30 19:46:32,530] INFO: 📦 ワイヤレス充電器 3in1 iPhone Android AppleWatch MagSafe対応 Qi対応 スマホ ワイヤレスチャージャー 急速充電 15W 置くだけ充電 3台同時 持ち運び 便利 スマホスタンド 携帯充電 iPhone16 iPhone15 iPhone14: 47098語収集 (7193種類)
[2025-10-30 19:47:41,658] INFO: 📦 【職人の手でひとつひとつ手作業】AppleWatchバンド エスニック レディース アップルウォッチベルト ブレスレット 42 44 45 mm ウォッチバンド 天然石 かわいい オシャレ 手作り ボヘミアンスタイル エスニック ホボ 天然素材: 44927語収集 (5252種類)
[2025-10-30 19:48:50,971] INFO: 📦 ワイヤレス充電器 iPhone 急速 15W充電 iPhone16/15/14/13/12 マグセーフ充電器 スタンド マグネット充電器 磁石 ピタッと magsafe充電器 スタンド Qi急速充電 ワイヤレスチャージャー アイフォン充電器 過充電防止: 49130語収集 (6269種類)
[2025-10-30 19:50:00,539] INFO: 📦 iPhone14Plusケース クリア MagSafe対応 iPhone14ケース スマホカバー14プラス スマホケース14プラス スタンド 携帯カバー マグネット カバー ワイヤレス充電対応ケース 14プラスケース シンプル 透明: 49323語収集 (7901種類)
[2025-10-30 19:51:09,976] INFO: 📦 【ガイド枠付きでキレイに貼れる2枚入り】applewatch 保護シール 4/5/6/7/8/9/SE/SE2 液晶フィルム アップルウォッチ保護フィルム キット 44 41 40 mm 3D 保護 取付簡単 プロテクターフィルム apple watch保護フィルム 画面シール: 41195語収集 (5326種類)
[2025-10-30 19:52:19,731] INFO: 📦 アップルウォッチ レザー ベルト アップルウォッチバンド 45mm 44mm 42mm SE Apple Watchベルト 本革 おしゃれ ビジネス ヴィンテージ 男性 女性 メンズ レディース　レザー applewatch　9/8/7/6/5/4/3/2/1/SE/SE2/Ultra1/Ultra2: 52197語収集 (7023種類)
[2025-10-30 19:53:29,496] INFO: 📦 iPhoneケース カード収納 メンズ 14プラス 14プロ 14ProMax カバー 財布分離型 マグネット 携帯カバー アイフォン14ケース スマホカバー アイホン14カバー 人気 iphoneケース 財布 薄型 黒 赤 ブラウン グリーン: 45018語収集 (7295種類)
[2025-10-30 19:54:39,064] INFO: 📦 アップルウォッチバンド 液晶保護 カバー付 キラキラ ラインストーン applewatchカバー フォーマル レディース 45 44 41 40 mm 女性 細見え カジュアル デート 高級 おしゃれ ブラック シルバー ローズゴールド 送料無料: 45363語収集 (5630種類)
[2025-10-30 19:55:49,198] INFO: 📦 iPhone14ケース フルカバー 薄型 フィルム不要ケース アイフォン14保護カバー 強化ガラス 軽量 14plus 14pro 14promax クリア 360度°両面 全面保護マグネットケース 1000円ポッキリ ポッキリ 買い回り 買い周り セール マラソン 送料無料 ポイント消化: 54267語収集 (8254種類)
[2025-10-30 19:56:59,029] INFO: 📦 アップルウォッチ バンド キラキラ パール AppleWatch ベルト 45mm 44mm 41mm 40mm 42mm 38mm ステンレス 女性 レディース お出かけ フォーマル ゴージャス かわいい 結婚式 1/2/3/4/5/6/7/8/9/SE/SE2/Ultra1/Ultra2バンド 送料無料: 44126語収集 (5232種類)
[2025-10-30 19:58:09,399] INFO: 📦 アップルウォッチバンド キラキラ レディース AppleWatchベルト ステンレス お出かけ 女性 フォーマル ゴージャス かわいい 上品 おしゃれ 細見え パーティー ジュエリー 女性 カバー ラインストーン おしゃれ チェーン 高級 ゴールド ブラック シルバー: 42116語収集 (5048種類)
[2025-10-30 19:59:18,845] INFO: 📦 【1本でiPhone2台同時】3in1充電ケーブル 急速 充電ケーブル USBケーブル 三又 スマホ充電ケーブル 急速 1.2m タイプC Android用充電ケーブル iPhone充電ケーブル 3本同時充電 携帯コード iphone17 16 15 充電コード 3A Type-C シルバー: 49758語収集 (7049種類)
[2025-10-30 20:00:29,172] INFO: 📦 iphoneケース 肩がけ 14pro 13pro 12 se iphoneケース ショルダー 手帳型  iphone13 ショルダー ストラップ 携帯カバー肩掛け 大人かわいい アイホン13プロ アイフォン14プロ 紐付き iphoneケースse iphone12 ミラー付き オレンジ ピンク ブラック ホワイト: 49418語収集 (5649種類)
[2025-10-30 20:01:38,965] INFO: 📦 リュック メンズ ビジネス 15.6インチ おしゃれ ビジネスリュック 通勤バッグ 通学バッグ大容量 超軽量 防水 撥水加工 耐摩耗 汚れ防止 パソコン 3WAY ノートPC バイク 通勤 通学 出張 旅行 収納 ブラック グレー シンプル 560g あす楽: 45279語収集 (7067種類)
[2025-10-30 20:02:48,723] INFO: 📦 iPhoneフィルム 覗き見防止 17 16e 16 15 14 ガラスフィルム 覗きみ 12promax iPhone16Pro 16promax アイフォン プライバシー のぞき見防止 横から見えない ガラスシート 画面フィルム 指紋防止: 36278語収集 (2009種類)
[2025-10-30 20:03:58,823] INFO: 📦 iPhone14ProMaxケース MagSafe充電対応カバー マグネット iPhone12promax マグセーフケース 13promax リング付きケース 13proケース MagSafe スマホカバー マグセーフ 14プラス 14プロ ワイヤレス充電対応: 48583語収集 (4931種類)
[2025-10-30 20:05:08,163] INFO: 📦 ICカードリーダー 確定申告 マイナンバー対応 Type-C ライター マイナポイント ICチップ SD MicroSD SIM e-Tax Windows Mac 対応: 42032語収集 (4942種類)
[2025-10-30 20:06:18,574] INFO: 📦 【楽天1位 もうMicroUSBいらない】typeC 2つ マルチケーブル 3in1ケーブル 急速 type-cケーブル 業務用 USB 充電器 タイプC 三又 TypeC 充電 iPhone16対応 同時充電 ライトニング Switch 5A 1m 三又 急速充電 3in1充電ケーブル ブラック 法人 まとめ買い 大量購入 オフィス: 46158語収集 (7202種類)
[2025-10-30 20:07:28,753] INFO: 📦 ワイヤレス充電器 Apple Watch 充電器  AirPods充電器  AppleWatch/Airpods ２in1 持ち運び ワイヤレス急速 高速充電 アップルウォッチ AirPods 2/AirPods 3/Air PodsPro Type-C ケーブル不要 置くだけ充電 Qi対応 Wireless 送料無料: 49670語収集 (5869種類)
[2025-10-30 20:08:38,952] INFO: 📦 ギャラクシー 手帳型 A22 5G S21 耐衝撃 携帯カバー  Galaxy A22 5G S21 スマホケース レザー ピタッと 海外版ギャラクシー a22 Galaxy SC-56B SC-51B SM-A226 シンプル 送料無料: 48733語収集 (3494種類)
[2025-10-30 20:09:49,423] INFO: 📦 Xperia5 II 手帳型ケース ブラック ブラウン レッド Xperia5iiケース 1lllケース Xperia5 カバー SO52A SOG02 SO51B SOG02 エクスペリア ケース Xperia1lll エクスペリア 1lll レザー シンプル アンドロイド携帯カバー: 47707語収集 (5917種類)
[2025-10-30 20:10:59,708] INFO: 📦 マグセーフ iphoneケース iPhone13promax ケース 手帳型 マグセーフ対応 iPhone14ケース 手帳型 スマホカバー  14Plus 14ProMax アイフォンケース ブラック 手帳型 マグセーフ携帯カバー 13pro マグネット ビジネス シンプル 置くだけ充電対応: 51300語収集 (5163種類)
[2025-10-30 20:12:09,270] INFO: 📦 Type-C to Type-C ケーブル 2m 高速 pdケーブル iPhone充電用 タイプCケーブル iPhone17 1m 急速充電 180度回転 Type-C USB3.0 100W 5A 20Gbpsデータ転送 L字型 Android Switch タイプC 高速充電ケーブルTypeC ブラック 光る: 43019語収集 (5433種類)
[2025-10-30 20:13:18,810] INFO: 📦 【楽天1位獲得】USB4ケーブル 短い USB Type-C Thunderbolt4 急速充電対応 100W 40Gbps 高速データ転送 8K 映像出力 MacBook iPad iPhone17 対応 0.2m 20cm 50cm 1m 2m 選べる長さ ブラック: 48070語収集 (7910種類)
[2025-10-30 20:14:28,151] INFO: 📦 【楽天1位獲得】Thunderboltケーブル 高速充電 映像出力 Cタイプケーブル 100W USB typeC PD 高速データ転送 Type-C USB Type-C 急速充電 パソコン充電 1m 50cm 40Gbps USB3.1 Gen2 4K PD対応 MacBook ipad 11/12.9 ipad air5 mini6 7 iPhone16 15 対応: 50024語収集 (8154種類)
[2025-10-30 20:15:37,665] INFO: 📦 【オフィスに最適】typeC 2つ マルチケーブル 3in1ケーブル 急速 type-cケーブル 業務用 USB 充電器 タイプC 三又 TypeC 充電 iPhone16対応 同時充電 ライトニング Switch 5A 1m 三又 急速充電 3in2充電ケーブル ブラック 法人 まとめ買い 大量購入 オフィス: 49705語収集 (6486種類)
[2025-10-30 20:16:47,242] INFO: 📦 USBケーブル 3in1 急速 タイプC Cタイプ 充電ケーブル iPhone iPad 同時充電 スマホ Lightning typeC1本 3in1 マルチ ケーブル ライトニング3in1 3A 急速 3本同時充電 iPhoneケーブル iPhone2台同時 アイフォーン iPad 3A 1m 送料無料: 49448語収集 (6919種類)
[2025-10-30 20:17:56,842] INFO: 📦 phone 15 14 バンパーケース 耐衝撃 マグセーフ リング iPhone16 アルミ バンパー メタルバンパー Z 軽量ケース 16Promax ハードケース MagSafe iPhone16Proケース アルミニウム アルミ合金 360°回転 簡単装着 アルミ 高級 フレームレス ブラック ブルー ゴールド: 46266語収集 (6098種類)
[2025-10-30 20:19:06,409] INFO: 📦 Google pixel 7pro フィルム 8a 指紋認証対応 Google Pixel9 ガラスフィルム Pixel8a 強化ガラス Pixel9 pro フィルム グーグルピクセル 8A 7a 7 Pixel8 9pro XL 保護フィルム 指紋つかない 8a 7a 液晶保護フィルム: 45120語収集 (3987種類)
[2025-10-30 20:19:07,450] INFO: 💾 詳細辞書: market_vocab_20251030_201906.json
[2025-10-30 20:19:07,450] INFO: 💾 語彙頻度集計: market_vocab_summary_20251030_201906.csv
[2025-10-30 20:19:07,450] INFO: 💾 商品別語彙: market_enriched_20251030_201906.csv
[2025-10-30 20:19:07,450] INFO: ✅ 完了: 53 商品群の市場語彙を収集しました。
[2025-10-30 20:19:07,450] INFO: 🧭 次は ai_writer.py で知識＋テンプレートを融合して自然文生成へ。
